<?xml version="1.0" encoding="UTF-8"?>
<coverage generated="1651610428748" clover="3.2.0">
  <project timestamp="1651610428748" name="All files">
    <metrics statements="1" coveredstatements="1" conditionals="2" coveredconditionals="1" methods="1" coveredmethods="1" elements="4" coveredelements="3" complexity="0" loc="1" ncloc="1" packages="1" files="1" classes="1"/>
    <file name="checkstring.js" path="/Users/Tom/Downloads/project62/src/client/js/checkstring.js">
      <metrics statements="1" coveredstatements="1" conditionals="2" coveredconditionals="1" methods="1" coveredmethods="1"/>
      <line num="4" count="1" type="cond" truecount="1" falsecount="1"/>
    </file>
  </project>
</coverage>
