{"/Users/Tom/Downloads/project62/src/client/js/checkstring.js": {"path":"/Users/Tom/Downloads/project62/src/client/js/checkstring.js","statementMap":{"0":{"start":{"line":4,"column":0},"end":{"line":4,"column":67}}},"fnMap":{"0":{"name":"string","decl":{"start":{"line":1,"column":9},"end":{"line":1,"column":15}},"loc":{"start":{"line":1,"column":25},"end":{"line":8,"column":1}},"line":1}},"branchMap":{"0":{"loc":{"start":{"line":4,"column":8},"end":{"line":4,"column":66}},"type":"cond-expr","locations":[{"start":{"line":4,"column":56},"end":{"line":4,"column":60}},{"start":{"line":4,"column":61},"end":{"line":4,"column":66}}],"line":4}},"s":{"0":1},"f":{"0":1},"b":{"0":[1,0]},"_coverageSchema":"1a1c01bbd47fc00a2c39e90264f33305004495a9","hash":"8dcd29dcdde1b6285cee35c1f20bad4d756ca921"}
}
